2025-06-21 09:48:05 | ERROR | app.main:lifespan:52 | Failed to initialize database: (psycopg2.OperationalError) connection to server at "localhost" (::1), port 5432 failed: Connection refused
	Is the server running on that host and accepting TCP/IP connections?
connection to server at "localhost" (127.0.0.1), port 5432 failed: Connection refused
	Is the server running on that host and accepting TCP/IP connections?

(Background on this error at: https://sqlalche.me/e/20/e3q8)
2025-06-21 09:48:10 | ERROR | app.main:lifespan:52 | Failed to initialize database: (psycopg2.OperationalError) connection to server at "localhost" (::1), port 5432 failed: Connection refused
	Is the server running on that host and accepting TCP/IP connections?
connection to server at "localhost" (127.0.0.1), port 5432 failed: Connection refused
	Is the server running on that host and accepting TCP/IP connections?

(Background on this error at: https://sqlalche.me/e/20/e3q8)
2025-06-21 09:48:12 | ERROR | app.main:lifespan:52 | Failed to initialize database: (psycopg2.OperationalError) connection to server at "localhost" (::1), port 5432 failed: Connection refused
	Is the server running on that host and accepting TCP/IP connections?
connection to server at "localhost" (127.0.0.1), port 5432 failed: Connection refused
	Is the server running on that host and accepting TCP/IP connections?

(Background on this error at: https://sqlalche.me/e/20/e3q8)
2025-06-21 09:49:13 | INFO | app.main:lifespan:50 | Database initialized successfully
2025-06-21 09:49:13 | INFO | app.main:lifespan:55 | Personal Finance API started successfully
2025-06-21 09:49:28 | INFO | app.main:log_requests:143 | GET /docs
2025-06-21 09:49:28 | INFO | app.main:log_requests:145 | GET /docs - 200
2025-06-21 09:50:03 | INFO | app.main:log_requests:143 | GET /docs
2025-06-21 09:50:03 | INFO | app.main:log_requests:145 | GET /docs - 200
2025-06-21 09:50:04 | INFO | app.main:log_requests:143 | GET /openapi.json
2025-06-21 09:50:04 | INFO | app.main:log_requests:145 | GET /openapi.json - 200
2025-06-21 09:50:25 | INFO | app.main:log_requests:143 | POST /api/v1/auth/register
2025-06-21 09:50:25 | INFO | app.main:log_requests:145 | POST /api/v1/auth/register - 201
2025-06-21 09:52:12 | INFO | app.main:log_requests:143 | POST /api/v1/auth/login
2025-06-21 09:52:12 | ERROR | app.main:http_exception_handler:87 | HTTP Exception: 401 - Incorrect username or password
2025-06-21 09:52:12 | INFO | app.main:log_requests:145 | POST /api/v1/auth/login - 401
2025-06-21 09:52:31 | INFO | app.main:log_requests:143 | GET /api/v1/auth/me
2025-06-21 09:52:31 | ERROR | app.main:http_exception_handler:87 | HTTP Exception: 403 - Not authenticated
2025-06-21 09:52:31 | INFO | app.main:log_requests:145 | GET /api/v1/auth/me - 403
2025-06-21 09:52:50 | INFO | app.main:log_requests:143 | GET /api/v1/analytics/currency/convert
2025-06-21 09:52:51 | INFO | app.main:log_requests:145 | GET /api/v1/analytics/currency/convert - 200
2025-06-21 09:55:09 | INFO | app.main:log_requests:143 | GET /
2025-06-21 09:55:09 | INFO | app.main:log_requests:145 | GET / - 200
2025-06-21 09:55:37 | INFO | app.main:log_requests:143 | GET /api/v1/transactions/
2025-06-21 09:55:37 | ERROR | app.main:http_exception_handler:87 | HTTP Exception: 403 - Not authenticated
2025-06-21 09:55:37 | INFO | app.main:log_requests:145 | GET /api/v1/transactions/ - 403
2025-06-21 09:55:55 | INFO | app.main:log_requests:143 | GET /api/v1/transactions/
2025-06-21 09:55:55 | ERROR | app.main:http_exception_handler:87 | HTTP Exception: 401 - Could not validate credentials
2025-06-21 09:55:55 | INFO | app.main:log_requests:145 | GET /api/v1/transactions/ - 401
2025-06-21 09:56:19 | INFO | app.main:log_requests:143 | GET /openapi.json
2025-06-21 09:56:19 | INFO | app.main:log_requests:145 | GET /openapi.json - 200
2025-06-21 09:56:20 | INFO | app.main:log_requests:143 | GET /favicon.ico
2025-06-21 09:56:20 | INFO | app.main:log_requests:145 | GET /favicon.ico - 404
2025-06-21 09:56:58 | INFO | app.main:log_requests:143 | GET /redoc
2025-06-21 09:56:58 | INFO | app.main:log_requests:145 | GET /redoc - 200
2025-06-21 09:57:00 | INFO | app.main:log_requests:143 | GET /openapi.json
2025-06-21 09:57:00 | INFO | app.main:log_requests:145 | GET /openapi.json - 200
2025-06-21 09:57:03 | INFO | app.main:log_requests:143 | GET /openapi.json
2025-06-21 09:57:03 | INFO | app.main:log_requests:145 | GET /openapi.json - 200
2025-06-21 09:57:46 | INFO | app.main:log_requests:143 | GET /
2025-06-21 09:57:46 | INFO | app.main:log_requests:145 | GET / - 200
2025-06-21 09:57:47 | INFO | app.main:log_requests:143 | GET /favicon.ico
2025-06-21 09:57:47 | INFO | app.main:log_requests:145 | GET /favicon.ico - 404
2025-06-21 09:59:22 | INFO | app.main:log_requests:143 | POST /api/v1/auth/register
2025-06-21 09:59:22 | ERROR | app.main:http_exception_handler:87 | HTTP Exception: 400 - Username already registered
2025-06-21 09:59:22 | INFO | app.main:log_requests:145 | POST /api/v1/auth/register - 400
2025-06-21 09:59:39 | INFO | app.main:log_requests:143 | POST /api/v1/auth/login
2025-06-21 09:59:39 | INFO | app.main:log_requests:145 | POST /api/v1/auth/login - 200
2025-06-21 10:00:40 | INFO | app.main:log_requests:143 | GET /api/v1/auth/me
2025-06-21 10:00:40 | ERROR | app.main:http_exception_handler:87 | HTTP Exception: 401 - Could not validate credentials
2025-06-21 10:00:40 | INFO | app.main:log_requests:145 | GET /api/v1/auth/me - 401
2025-06-21 10:00:54 | INFO | app.main:log_requests:143 | GET /api/v1/auth/preferences
2025-06-21 10:00:54 | ERROR | app.main:http_exception_handler:87 | HTTP Exception: 401 - Could not validate credentials
2025-06-21 10:00:54 | INFO | app.main:log_requests:145 | GET /api/v1/auth/preferences - 401
2025-06-21 11:30:56 | INFO | app.main:lifespan:60 | Shutting down Personal Finance API...
2025-06-21 11:30:57 | INFO | app.main:lifespan:50 | Database initialized successfully
2025-06-21 11:30:57 | INFO | app.main:lifespan:55 | Personal Finance API started successfully
2025-06-21 11:39:15 | INFO | app.main:log_requests:143 | GET /
2025-06-21 11:39:15 | INFO | app.main:log_requests:145 | GET / - 200
2025-06-21 11:39:15 | INFO | app.main:log_requests:143 | GET /favicon.ico
2025-06-21 11:39:15 | INFO | app.main:log_requests:145 | GET /favicon.ico - 404
2025-06-21 11:42:51 | INFO | app.main:log_requests:143 | POST /api/v1/auth/login
2025-06-21 11:42:51 | ERROR | app.main:http_exception_handler:87 | HTTP Exception: 401 - Incorrect username or password
2025-06-21 11:42:52 | INFO | app.main:log_requests:145 | POST /api/v1/auth/login - 401
2025-06-21 11:42:58 | INFO | app.main:log_requests:143 | POST /api/v1/auth/login
2025-06-21 11:42:58 | ERROR | app.main:http_exception_handler:87 | HTTP Exception: 401 - Incorrect username or password
2025-06-21 11:42:58 | INFO | app.main:log_requests:145 | POST /api/v1/auth/login - 401
2025-06-21 11:43:21 | INFO | app.main:log_requests:143 | POST /api/v1/auth/login
2025-06-21 11:43:21 | INFO | app.main:log_requests:145 | POST /api/v1/auth/login - 422
2025-06-21 11:43:42 | INFO | app.main:log_requests:143 | POST /api/v1/auth/register
2025-06-21 11:43:43 | INFO | app.main:log_requests:145 | POST /api/v1/auth/register - 201
2025-06-21 11:43:50 | INFO | app.main:log_requests:143 | POST /api/v1/auth/register
2025-06-21 11:43:50 | ERROR | app.main:http_exception_handler:87 | HTTP Exception: 400 - Username already registered
2025-06-21 11:43:50 | INFO | app.main:log_requests:145 | POST /api/v1/auth/register - 400
2025-06-21 11:44:01 | INFO | app.main:log_requests:143 | POST /api/v1/auth/login
2025-06-21 11:44:01 | INFO | app.main:log_requests:145 | POST /api/v1/auth/login - 200
2025-06-21 11:44:11 | INFO | app.main:log_requests:143 | POST /api/v1/auth/login
2025-06-21 11:44:12 | INFO | app.main:log_requests:145 | POST /api/v1/auth/login - 200
2025-06-21 11:44:59 | INFO | app.main:log_requests:143 | POST /api/v1/transactions/
2025-06-21 11:44:59 | INFO | app.main:log_requests:145 | POST /api/v1/transactions/ - 201
2025-06-21 11:45:23 | INFO | app.main:log_requests:143 | GET /api/v1/transactions/summary/period
2025-06-21 11:45:23 | INFO | app.main:log_requests:145 | GET /api/v1/transactions/summary/period - 200
2025-06-21 11:45:55 | INFO | app.main:log_requests:143 | GET /api/v1/analytics/currency/convert
2025-06-21 11:45:56 | INFO | app.main:log_requests:145 | GET /api/v1/analytics/currency/convert - 200
2025-06-21 11:46:55 | INFO | app.main:log_requests:143 | GET /api/v1/transactions/
2025-06-21 11:46:55 | ERROR | app.main:http_exception_handler:87 | HTTP Exception: 401 - Could not validate credentials
2025-06-21 11:46:55 | INFO | app.main:log_requests:145 | GET /api/v1/transactions/ - 401
2025-06-21 11:47:10 | INFO | app.main:log_requests:143 | GET /api/v1/transactions/
2025-06-21 11:47:10 | ERROR | app.main:http_exception_handler:87 | HTTP Exception: 401 - Could not validate credentials
2025-06-21 11:47:10 | INFO | app.main:log_requests:145 | GET /api/v1/transactions/ - 401
2025-06-21 11:47:43 | INFO | app.main:log_requests:143 | GET /api/v1/transactions/
2025-06-21 11:47:43 | ERROR | app.main:http_exception_handler:87 | HTTP Exception: 401 - Could not validate credentials
2025-06-21 11:47:43 | INFO | app.main:log_requests:145 | GET /api/v1/transactions/ - 401
2025-06-21 11:47:45 | INFO | app.main:log_requests:143 | GET /api/v1/transactions/
2025-06-21 11:47:45 | ERROR | app.main:http_exception_handler:87 | HTTP Exception: 401 - Could not validate credentials
2025-06-21 11:47:45 | INFO | app.main:log_requests:145 | GET /api/v1/transactions/ - 401
2025-06-21 11:48:02 | INFO | app.main:log_requests:143 | POST /api/v1/auth/login
2025-06-21 11:48:02 | INFO | app.main:log_requests:145 | POST /api/v1/auth/login - 200
2025-06-21 11:48:13 | INFO | app.main:log_requests:143 | POST /api/v1/auth/login
2025-06-21 11:48:13 | INFO | app.main:log_requests:145 | POST /api/v1/auth/login - 200
2025-06-21 11:48:44 | INFO | app.main:log_requests:143 | GET /api/v1/transactions/
2025-06-21 11:48:44 | INFO | app.main:log_requests:145 | GET /api/v1/transactions/ - 200
2025-06-21 12:07:33 | INFO | app.main:log_requests:143 | GET /api/v1/transactions/1
2025-06-21 12:07:33 | INFO | app.main:log_requests:145 | GET /api/v1/transactions/1 - 200
2025-06-21 12:07:58 | INFO | app.main:log_requests:143 | PUT /api/v1/transactions/1
2025-06-21 12:07:58 | INFO | app.main:log_requests:145 | PUT /api/v1/transactions/1 - 200
2025-06-21 12:08:09 | INFO | app.main:log_requests:143 | PUT /api/v1/transactions/99
2025-06-21 12:08:09 | ERROR | app.main:http_exception_handler:87 | HTTP Exception: 404 - Transaction not found
2025-06-21 12:08:09 | INFO | app.main:log_requests:145 | PUT /api/v1/transactions/99 - 404
2025-06-21 12:08:15 | INFO | app.main:log_requests:143 | PUT /api/v1/transactions/1
2025-06-21 12:08:15 | INFO | app.main:log_requests:145 | PUT /api/v1/transactions/1 - 200
2025-06-21 12:08:19 | INFO | app.main:log_requests:143 | PUT /api/v1/transactions/1
2025-06-21 12:08:19 | INFO | app.main:log_requests:145 | PUT /api/v1/transactions/1 - 200
2025-06-21 12:09:27 | INFO | app.main:log_requests:143 | PUT /api/v1/transactions/1
2025-06-21 12:09:27 | INFO | app.main:log_requests:145 | PUT /api/v1/transactions/1 - 200
2025-06-21 12:09:39 | INFO | app.main:log_requests:143 | GET /api/v1/transactions/1
2025-06-21 12:09:39 | INFO | app.main:log_requests:145 | GET /api/v1/transactions/1 - 200
2025-06-21 12:09:57 | INFO | app.main:log_requests:143 | GET /health
2025-06-21 12:09:57 | INFO | app.main:log_requests:145 | GET /health - 200
2025-06-21 12:10:05 | INFO | app.main:log_requests:143 | GET /
2025-06-21 12:10:05 | INFO | app.main:log_requests:145 | GET / - 200
2025-06-21 12:10:06 | INFO | app.main:log_requests:143 | GET /
2025-06-21 12:10:06 | INFO | app.main:log_requests:145 | GET / - 200
2025-06-21 12:10:09 | INFO | app.main:log_requests:143 | GET /
2025-06-21 12:10:09 | INFO | app.main:log_requests:145 | GET / - 200
2025-06-21 12:11:10 | INFO | app.main:log_requests:143 | GET /api/v1/auth/me
2025-06-21 12:11:10 | INFO | app.main:log_requests:145 | GET /api/v1/auth/me - 200
2025-06-21 12:11:21 | INFO | app.main:log_requests:143 | GET /api/v1/auth/me
2025-06-21 12:11:21 | INFO | app.main:log_requests:145 | GET /api/v1/auth/me - 200
2025-06-21 12:21:29 | INFO | app.main:log_requests:143 | GET /api/v1/auth/preferences
2025-06-21 12:21:29 | ERROR | app.main:http_exception_handler:87 | HTTP Exception: 401 - Could not validate credentials
2025-06-21 12:21:29 | INFO | app.main:log_requests:145 | GET /api/v1/auth/preferences - 401
2025-06-21 12:21:44 | INFO | app.main:log_requests:143 | POST /api/v1/auth/login
2025-06-21 12:21:44 | INFO | app.main:log_requests:145 | POST /api/v1/auth/login - 200
2025-06-21 12:22:04 | INFO | app.main:log_requests:143 | GET /api/v1/auth/preferences
2025-06-21 12:22:04 | INFO | app.main:log_requests:145 | GET /api/v1/auth/preferences - 200
2025-06-21 12:22:23 | INFO | app.main:log_requests:143 | PUT /api/v1/auth/preferences
2025-06-21 12:22:23 | INFO | app.main:log_requests:145 | PUT /api/v1/auth/preferences - 200
2025-06-21 12:22:46 | INFO | app.main:log_requests:143 | PUT /api/v1/auth/preferences
2025-06-21 12:22:46 | INFO | app.main:log_requests:145 | PUT /api/v1/auth/preferences - 200
2025-06-21 12:22:52 | INFO | app.main:log_requests:143 | GET /api/v1/auth/preferences
2025-06-21 12:22:52 | INFO | app.main:log_requests:145 | GET /api/v1/auth/preferences - 200
2025-06-21 12:26:07 | INFO | app.main:lifespan:60 | Shutting down Personal Finance API...
2025-06-21 12:26:08 | INFO | app.main:lifespan:50 | Database initialized successfully
2025-06-21 12:26:08 | INFO | app.main:lifespan:55 | Personal Finance API started successfully
